front_end/mon_quartier/android/app/build/intermediates/manifest_merge_blame_file/debug/manifest-merger-blame-debug-report.txt
1<?xml version="1.0" encoding="utf-8"?>
2<manifest xmlns:android="http://schemas.android.com/apk/res/android"
3    package="com.minesparis.monquartier"
4    android:versionCode="1"
5    android:versionName="1.0.0" >
6
7    <uses-sdk
8        android:minSdkVersion="21"
9        android:targetSdkVersion="29" />
10
11    <uses-permission android:name="android.permission.SYSTEM_ALERT_WINDOW" />
11-->src/main/AndroidManifest.xml:3:3-75
11-->src/main/AndroidManifest.xml:3:20-73
12    <uses-permission android:name="android.permission.INTERNET" />
12-->src/main/AndroidManifest.xml:2:3-64
12-->src/main/AndroidManifest.xml:2:20-62
13    <uses-permission android:name="android.permission.READ_PHONE_STATE" />
13-->src/main/AndroidManifest.xml:4:3-72
13-->src/main/AndroidManifest.xml:4:20-70
14    <uses-permission android:name="android.permission.USE_FINGERPRINT" />
14-->src/main/AndroidManifest.xml:5:3-71
14-->src/main/AndroidManifest.xml:5:20-69
15    <uses-permission android:name="android.permission.USE_BIOMETRIC" />
15-->src/main/AndroidManifest.xml:6:3-69
15-->src/main/AndroidManifest.xml:6:20-67
16    <uses-permission android:name="android.permission.VIBRATE" />
16-->src/main/AndroidManifest.xml:7:3-63
16-->src/main/AndroidManifest.xml:7:20-61
17    <uses-permission android:name="android.permission.MODIFY_AUDIO_SETTINGS" />
17-->src/main/AndroidManifest.xml:8:3-77
17-->src/main/AndroidManifest.xml:8:20-75
18    <uses-permission android:name="android.permission.ACCESS_COARSE_LOCATION" />
18-->src/main/AndroidManifest.xml:9:3-78
18-->src/main/AndroidManifest.xml:9:20-76
19    <uses-permission android:name="android.permission.ACCESS_FINE_LOCATION" />
19-->src/main/AndroidManifest.xml:10:3-76
19-->src/main/AndroidManifest.xml:10:20-74
20    <uses-permission android:name="android.permission.ACCESS_BACKGROUND_LOCATION" />
20-->src/main/AndroidManifest.xml:11:3-82
20-->src/main/AndroidManifest.xml:11:20-80
21    <uses-permission android:name="android.permission.CAMERA" />
21-->src/main/AndroidManifest.xml:12:3-62
21-->src/main/AndroidManifest.xml:12:20-60
22    <uses-permission android:name="android.permission.RECORD_AUDIO" />
22-->src/main/AndroidManifest.xml:13:3-68
22-->src/main/AndroidManifest.xml:13:20-66
23    <uses-permission android:name="android.permission.READ_CONTACTS" />
23-->src/main/AndroidManifest.xml:14:3-69
23-->src/main/AndroidManifest.xml:14:20-67
24    <uses-permission android:name="android.permission.WRITE_CONTACTS" />
24-->src/main/AndroidManifest.xml:15:3-70
24-->src/main/AndroidManifest.xml:15:20-68
25    <uses-permission android:name="android.permission.READ_CALENDAR" />
25-->src/main/AndroidManifest.xml:16:3-69
25-->src/main/AndroidManifest.xml:16:20-67
26    <uses-permission android:name="android.permission.WRITE_CALENDAR" />
26-->src/main/AndroidManifest.xml:17:3-70
26-->src/main/AndroidManifest.xml:17:20-68
27    <uses-permission android:name="android.permission.READ_EXTERNAL_STORAGE" />
27-->src/main/AndroidManifest.xml:18:3-77
27-->src/main/AndroidManifest.xml:18:20-75
28    <uses-permission android:name="android.permission.WRITE_EXTERNAL_STORAGE" />
28-->src/main/AndroidManifest.xml:19:3-78
28-->src/main/AndroidManifest.xml:19:20-76
29    <uses-permission android:name="android.permission.WRITE_SETTINGS" />
29-->src/main/AndroidManifest.xml:20:3-70
29-->src/main/AndroidManifest.xml:20:20-68
30    <uses-permission android:name="android.permission.ACCESS_NETWORK_STATE" />
30-->src/main/AndroidManifest.xml:21:3-76
30-->src/main/AndroidManifest.xml:21:20-74
31    <uses-permission android:name="android.permission.WAKE_LOCK" />
31-->src/main/AndroidManifest.xml:22:3-65
31-->src/main/AndroidManifest.xml:22:20-63
32    <uses-permission android:name="com.google.android.c2dm.permission.RECEIVE" />
32-->src/main/AndroidManifest.xml:23:3-79
32-->src/main/AndroidManifest.xml:23:20-77
33    <uses-permission android:name="android.permission.ACCESS_WIFI_STATE" />
33-->[com.facebook.flipper:flipper:0.54.0] AndroidManifest.xml:16:5-76
33-->[com.facebook.flipper:flipper:0.54.0] AndroidManifest.xml:16:22-73
34    <uses-permission android:name="android.permission.FOREGROUND_SERVICE" />
34-->[:expo-location] AndroidManifest.xml:14:5-77
34-->[:expo-location] AndroidManifest.xml:14:22-74
35
36    <uses-feature
36-->[com.google.android.gms:play-services-maps:17.0.0] AndroidManifest.xml:26:5-28:35
37        android:glEsVersion="0x00020000"
37-->[com.google.android.gms:play-services-maps:17.0.0] AndroidManifest.xml:27:9-41
38        android:required="true" />
38-->[com.google.android.gms:play-services-maps:17.0.0] AndroidManifest.xml:28:9-32
39
40    <uses-permission android:name="com.google.android.providers.gsf.permission.READ_GSERVICES" />
40-->[io.nlopez.smartlocation:library:3.2.11] AndroidManifest.xml:15:5-98
40-->[io.nlopez.smartlocation:library:3.2.11] AndroidManifest.xml:15:22-95
41    <uses-permission android:name="com.google.android.gms.permission.ACTIVITY_RECOGNITION" />
41-->[io.nlopez.smartlocation:library:3.2.11] AndroidManifest.xml:16:5-94
41-->[io.nlopez.smartlocation:library:3.2.11] AndroidManifest.xml:16:22-91
42
43    <application
43-->src/main/AndroidManifest.xml:24:3-43:17
44        android:name="com.minesparis.monquartier.MainApplication"
44-->src/main/AndroidManifest.xml:24:16-47
45        android:allowBackup="true"
45-->src/main/AndroidManifest.xml:24:162-188
46        android:appComponentFactory="androidx.core.app.CoreComponentFactory"
46-->[androidx.core:core:1.1.0] AndroidManifest.xml:24:18-86
47        android:debuggable="true"
48        android:icon="@mipmap/ic_launcher"
48-->src/main/AndroidManifest.xml:24:81-115
49        android:label="@string/app_name"
49-->src/main/AndroidManifest.xml:24:48-80
50        android:roundIcon="@mipmap/ic_launcher_round"
50-->src/main/AndroidManifest.xml:24:116-161
51        android:theme="@style/AppTheme"
51-->src/main/AndroidManifest.xml:24:189-220
52        android:usesCleartextTraffic="true" >
52-->src/debug/AndroidManifest.xml:6:18-53
53        <meta-data
53-->src/main/AndroidManifest.xml:25:5-132
54            android:name="expo.modules.updates.EXPO_UPDATE_URL"
54-->src/main/AndroidManifest.xml:25:16-67
55            android:value="https://exp.host/@rxzh/mines-paris-monsquartie" />
55-->src/main/AndroidManifest.xml:25:68-130
56        <meta-data
56-->src/main/AndroidManifest.xml:26:5-93
57            android:name="expo.modules.updates.EXPO_SDK_VERSION"
57-->src/main/AndroidManifest.xml:26:16-68
58            android:value="39.0.0" />
58-->src/main/AndroidManifest.xml:26:69-91
59        <meta-data
59-->src/main/AndroidManifest.xml:27:5-82
60            android:name="expo.modules.updates.ENABLED"
60-->src/main/AndroidManifest.xml:27:16-59
61            android:value="true" />
61-->src/main/AndroidManifest.xml:27:60-80
62        <meta-data
62-->src/main/AndroidManifest.xml:28:5-105
63            android:name="expo.modules.updates.EXPO_UPDATES_CHECK_ON_LAUNCH"
63-->src/main/AndroidManifest.xml:28:16-80
64            android:value="ALWAYS" />
64-->src/main/AndroidManifest.xml:28:81-103
65        <meta-data
65-->src/main/AndroidManifest.xml:29:5-99
66            android:name="expo.modules.updates.EXPO_UPDATES_LAUNCH_WAIT_MS"
66-->src/main/AndroidManifest.xml:29:16-79
67            android:value="0" />
67-->src/main/AndroidManifest.xml:29:80-97
68
69        <activity
69-->src/main/AndroidManifest.xml:30:5-41:16
70            android:name="com.minesparis.monquartier.MainActivity"
70-->src/main/AndroidManifest.xml:30:15-43
71            android:configChanges="keyboard|keyboardHidden|orientation|screenSize|uiMode"
71-->src/main/AndroidManifest.xml:30:77-154
72            android:label="@string/app_name"
72-->src/main/AndroidManifest.xml:30:44-76
73            android:launchMode="singleTask"
73-->src/main/AndroidManifest.xml:30:155-186
74            android:theme="@style/Theme.App.SplashScreen"
74-->src/main/AndroidManifest.xml:30:230-275
75            android:windowSoftInputMode="adjustResize" >
75-->src/main/AndroidManifest.xml:30:187-229
76            <intent-filter>
76-->src/main/AndroidManifest.xml:31:7-34:23
77                <action android:name="android.intent.action.MAIN" />
77-->src/main/AndroidManifest.xml:32:9-60
77-->src/main/AndroidManifest.xml:32:17-58
78
79                <category android:name="android.intent.category.LAUNCHER" />
79-->src/main/AndroidManifest.xml:33:9-68
79-->src/main/AndroidManifest.xml:33:19-66
80            </intent-filter>
81            <intent-filter>
81-->src/main/AndroidManifest.xml:35:7-40:23
82                <action android:name="android.intent.action.VIEW" />
82-->src/main/AndroidManifest.xml:36:9-60
82-->src/main/AndroidManifest.xml:36:17-58
83
84                <category android:name="android.intent.category.DEFAULT" />
84-->src/main/AndroidManifest.xml:37:9-67
84-->src/main/AndroidManifest.xml:37:19-65
85                <category android:name="android.intent.category.BROWSABLE" />
85-->src/main/AndroidManifest.xml:38:9-69
85-->src/main/AndroidManifest.xml:38:19-67
86
87                <data android:scheme="com.minesparis.monquartier" />
87-->src/main/AndroidManifest.xml:39:9-60
87-->src/main/AndroidManifest.xml:39:15-58
88            </intent-filter>
89        </activity>
90        <activity android:name="com.facebook.react.devsupport.DevSettingsActivity" />
90-->src/main/AndroidManifest.xml:42:5-81
90-->src/main/AndroidManifest.xml:42:15-79
91
92        <meta-data
92-->[:unimodules-react-native-adapter] AndroidManifest.xml:12:9-14:91
93            android:name="org.unimodules.core.AppLoader#react-native-headless"
93-->[:unimodules-react-native-adapter] AndroidManifest.xml:13:13-79
94            android:value="org.unimodules.adapters.react.apploader.RNHeadlessAppLoader" />
94-->[:unimodules-react-native-adapter] AndroidManifest.xml:14:13-88
95
96        <provider
96-->[:expo-file-system] AndroidManifest.xml:17:9-26:20
97            android:name="expo.modules.filesystem.FileSystemFileProvider"
97-->[:expo-file-system] AndroidManifest.xml:18:13-74
98            android:authorities="com.minesparis.monquartier.FileSystemFileProvider"
98-->[:expo-file-system] AndroidManifest.xml:19:13-74
99            android:exported="false"
99-->[:expo-file-system] AndroidManifest.xml:20:13-37
100            android:grantUriPermissions="true" >
100-->[:expo-file-system] AndroidManifest.xml:21:13-47
101            <meta-data
101-->[:expo-file-system] AndroidManifest.xml:23:13-25:70
102                android:name="android.support.FILE_PROVIDER_PATHS"
102-->[:expo-file-system] AndroidManifest.xml:24:17-67
103                android:resource="@xml/file_system_provider_paths" />
103-->[:expo-file-system] AndroidManifest.xml:25:17-67
104        </provider>
105
106        <service
106-->[:expo-location] AndroidManifest.xml:17:9-19:40
107            android:name="expo.modules.location.services.LocationTaskService"
107-->[:expo-location] AndroidManifest.xml:18:13-78
108            android:exported="false" /> <!-- Needs to be explicitly declared on P+ -->
108-->[:expo-location] AndroidManifest.xml:19:13-37
109        <uses-library
109-->[com.google.android.gms:play-services-maps:17.0.0] AndroidManifest.xml:33:9-35:40
110            android:name="org.apache.http.legacy"
110-->[com.google.android.gms:play-services-maps:17.0.0] AndroidManifest.xml:34:13-50
111            android:required="false" />
111-->[com.google.android.gms:play-services-maps:17.0.0] AndroidManifest.xml:35:13-37
112
113        <activity
113-->[com.google.android.gms:play-services-base:17.0.0] AndroidManifest.xml:23:9-26:75
114            android:name="com.google.android.gms.common.api.GoogleApiActivity"
114-->[com.google.android.gms:play-services-base:17.0.0] AndroidManifest.xml:24:13-79
115            android:exported="false"
115-->[com.google.android.gms:play-services-base:17.0.0] AndroidManifest.xml:25:13-37
116            android:theme="@android:style/Theme.Translucent.NoTitleBar" />
116-->[com.google.android.gms:play-services-base:17.0.0] AndroidManifest.xml:26:13-72
117
118        <meta-data
118-->[com.google.android.gms:play-services-basement:17.0.0] AndroidManifest.xml:23:9-25:69
119            android:name="com.google.android.gms.version"
119-->[com.google.android.gms:play-services-basement:17.0.0] AndroidManifest.xml:24:13-58
120            android:value="@integer/google_play_services_version" />
120-->[com.google.android.gms:play-services-basement:17.0.0] AndroidManifest.xml:25:13-66
121
122        <service
122-->[androidx.room:room-runtime:2.1.0] AndroidManifest.xml:25:9-27:40
123            android:name="androidx.room.MultiInstanceInvalidationService"
123-->[androidx.room:room-runtime:2.1.0] AndroidManifest.xml:26:13-74
124            android:exported="false" />
124-->[androidx.room:room-runtime:2.1.0] AndroidManifest.xml:27:13-37
125        <service
125-->[io.nlopez.smartlocation:library:3.2.11] AndroidManifest.xml:19:9-21:40
126            android:name="io.nlopez.smartlocation.activity.providers.ActivityGooglePlayServicesProvider$ActivityRecognitionService"
126-->[io.nlopez.smartlocation:library:3.2.11] AndroidManifest.xml:20:13-132
127            android:exported="false" />
127-->[io.nlopez.smartlocation:library:3.2.11] AndroidManifest.xml:21:13-37
128        <service
128-->[io.nlopez.smartlocation:library:3.2.11] AndroidManifest.xml:22:9-24:40
129            android:name="io.nlopez.smartlocation.geofencing.providers.GeofencingGooglePlayServicesProvider$GeofencingService"
129-->[io.nlopez.smartlocation:library:3.2.11] AndroidManifest.xml:23:13-127
130            android:exported="false" />
130-->[io.nlopez.smartlocation:library:3.2.11] AndroidManifest.xml:24:13-37
131        <service
131-->[io.nlopez.smartlocation:library:3.2.11] AndroidManifest.xml:25:9-27:40
132            android:name="io.nlopez.smartlocation.geocoding.providers.AndroidGeocodingProvider$AndroidGeocodingService"
132-->[io.nlopez.smartlocation:library:3.2.11] AndroidManifest.xml:26:13-120
133            android:exported="false" />
133-->[io.nlopez.smartlocation:library:3.2.11] AndroidManifest.xml:27:13-37
134    </application>
135
136</manifest>